0 verbose cli C:\Program Files\nodejs\node.exe C:\Program Files\nodejs\node_modules\npm\bin\npm-cli.js
1 info using npm@10.8.2
2 info using node@v22.7.0
3 silly config load:file:C:\Program Files\nodejs\node_modules\npm\npmrc
4 silly config load:file:C:\Users\Acer\Proyecto\TDC\Front_Gestion_CAF\.npmrc
5 silly config load:file:C:\Users\Acer\.npmrc
6 silly config load:file:C:\Users\Acer\Proyecto\TDC\Front_Gestion_CAF\%USERPROFILE%\AppData\Roaming\npm\etc\npmrc
7 verbose title npm exec create-react-app Front-CAF
8 verbose argv "exec" "--" "create-react-app" "Front-CAF"
9 verbose logfile logs-max:10 dir:C:\Users\Acer\Proyecto\TDC\Front_Gestion_CAF\%USERPROFILE%\AppData\Local\npm-cache\_logs\2024-09-16T19_36_20_468Z-
10 verbose logfile C:\Users\Acer\Proyecto\TDC\Front_Gestion_CAF\%USERPROFILE%\AppData\Local\npm-cache\_logs\2024-09-16T19_36_20_468Z-debug-0.log
11 silly logfile done cleaning log files
12 silly packumentCache heap:2197815296 maxSize:549453824 maxEntrySize:274726912
13 http fetch GET 200 https://registry.npmjs.org/create-react-app 397ms (cache miss)
14 silly packumentCache heap:2197815296 maxSize:549453824 maxEntrySize:274726912
15 verbose stack Error: ENOENT: no such file or directory, lstat 'C:\Users\Acer\Proyecto\TDC\Front_Gestion_CAF\%USERPROFILE%\AppData\Roaming'
15 verbose stack     at async lstat (node:internal/fs/promises:1023:18)
15 verbose stack     at async #loadActual (C:\Program Files\nodejs\node_modules\npm\node_modules\@npmcli\arborist\lib\arborist\load-actual.js:112:20)
15 verbose stack     at async exec (C:\Program Files\nodejs\node_modules\npm\node_modules\libnpmexec\lib\index.js:207:26)
15 verbose stack     at async Npm.exec (C:\Program Files\nodejs\node_modules\npm\lib\npm.js:207:9)
15 verbose stack     at async module.exports (C:\Program Files\nodejs\node_modules\npm\lib\cli\entry.js:74:5)
16 error code ENOENT
17 error syscall lstat
18 error path C:\Users\Acer\Proyecto\TDC\Front_Gestion_CAF\%USERPROFILE%\AppData\Roaming
19 error errno -4058
20 error enoent ENOENT: no such file or directory, lstat 'C:\Users\Acer\Proyecto\TDC\Front_Gestion_CAF\%USERPROFILE%\AppData\Roaming'
21 error enoent This is related to npm not being able to find a file.
21 error enoent
22 verbose cwd C:\Users\Acer\Proyecto\TDC\Front_Gestion_CAF
23 verbose os Windows_NT 10.0.22631
24 verbose node v22.7.0
25 verbose npm  v10.8.2
26 verbose exit -4058
27 verbose code -4058
28 error A complete log of this run can be found in: C:\Users\Acer\Proyecto\TDC\Front_Gestion_CAF\%USERPROFILE%\AppData\Local\npm-cache\_logs\2024-09-16T19_36_20_468Z-debug-0.log
